
20-05-06 03:05:25 [-] LockHandler on eldritchadmin(account 1): access type 'examine' changed from 'examine:perm(Admin)' to 'examine:perm(Admin)' 
LockHandler on eldritchadmin(account 1): access type 'edit' changed from 'edit:perm(Admin)' to 'edit:perm(Admin)' 
LockHandler on eldritchadmin(account 1): access type 'delete' changed from 'delete:perm(Admin)' to 'delete:perm(Admin)' 
LockHandler on eldritchadmin(account 1): access type 'boot' changed from 'boot:perm(Admin)' to 'boot:perm(Admin)' 
LockHandler on eldritchadmin(account 1): access type 'msg' changed from 'msg:all()' to 'msg:all()' 
LockHandler on eldritchadmin(account 1): access type 'noidletimeout' changed from 'noidletimeout:perm(Builder) or perm(noidletimeout)' to 'noidletimeout:perm(Builder) or perm(noidletimeout)'
20-05-06 03:05:25 [-] LockHandler on eldritchadmin(account 1): access type 'examine' changed from 'examine:perm(Admin)' to 'examine:perm(Developer)' 
LockHandler on eldritchadmin(account 1): access type 'edit' changed from 'edit:perm(Admin)' to 'edit:false()' 
LockHandler on eldritchadmin(account 1): access type 'delete' changed from 'delete:perm(Admin)' to 'delete:false()' 
LockHandler on eldritchadmin(account 1): access type 'boot' changed from 'boot:perm(Admin)' to 'boot:false()' 
LockHandler on eldritchadmin(account 1): access type 'msg' changed from 'msg:all()' to 'msg:all()'
20-05-06 03:05:25 [-] LockHandler on eldritchadmin: access type 'get' changed from 'get:all()' to 'get:false()' 
LockHandler on eldritchadmin: access type 'call' changed from 'call:true()' to 'call:false()'
20-05-06 03:05:25 [-] LockHandler on eldritchadmin: access type 'examine' changed from 'examine:perm(Builder)' to 'examine:perm(Developer)' 
LockHandler on eldritchadmin: access type 'edit' changed from 'edit:perm(Admin)' to 'edit:false()' 
LockHandler on eldritchadmin: access type 'delete' changed from 'delete:perm(Admin)' to 'delete:false()' 
LockHandler on eldritchadmin: access type 'puppet' changed from 'puppet:pperm(Developer)' to 'puppet:false()'
20-05-06 03:05:25 [-] LockHandler on Limbo: access type 'get' changed from 'get:all()' to 'get:false()' 
LockHandler on Limbo: access type 'puppet' changed from 'puppet:pperm(Developer)' to 'puppet:false()'
20-05-06 03:05:25 [-] LockHandler on Channel 'MudInfo' (None): access type 'control' changed from 'control:perm(Admin)' to 'control:perm(Developer)' 
LockHandler on Channel 'MudInfo' (None): access type 'listen' changed from 'listen:all()' to 'listen:perm(Admin)' 
LockHandler on Channel 'MudInfo' (None): access type 'send' changed from 'send:all()' to 'send:false()'
20-05-06 03:05:26 [-] LockHandler on Channel 'Public' (None): access type 'control' changed from 'control:perm(Admin)' to 'control:perm(Admin)' 
LockHandler on Channel 'Public' (None): access type 'listen' changed from 'listen:all()' to 'listen:all()' 
LockHandler on Channel 'Public' (None): access type 'send' changed from 'send:all()' to 'send:all()'
20-05-06 03:59:15 [-] LockHandler on johnadmin: access type 'get' changed from 'get:all()' to 'get:false()' 
LockHandler on johnadmin: access type 'call' changed from 'call:true()' to 'call:false()'
20-05-06 03:59:15 [-] LockHandler on johnadmin: access type 'puppet' changed from 'puppet:pperm(Developer)' to 'puppet:id(3) or pid(3) or perm(Developer) or pperm(Developer)' 
LockHandler on johnadmin: access type 'delete' changed from 'delete:perm(Admin)' to 'delete:id(3) or perm(Admin)'
20-05-06 04:48:04 [-] LockHandler on eldritchadmin: access type 'control' changed from 'control:perm(Developer)' to 'control:perm(Developer)' 
LockHandler on eldritchadmin: access type 'examine' changed from 'examine:perm(Developer)' to 'examine:perm(Builder)' 
LockHandler on eldritchadmin: access type 'view' changed from 'view:all()' to 'view:all()' 
LockHandler on eldritchadmin: access type 'edit' changed from 'edit:false()' to 'edit:perm(Admin)' 
LockHandler on eldritchadmin: access type 'delete' changed from 'delete:false()' to 'delete:perm(Admin)' 
LockHandler on eldritchadmin: access type 'get' changed from 'get:false()' to 'get:all()' 
LockHandler on eldritchadmin: access type 'drop' changed from 'drop:holds()' to 'drop:holds()' 
LockHandler on eldritchadmin: access type 'call' changed from 'call:false()' to 'call:true()' 
LockHandler on eldritchadmin: access type 'tell' changed from 'tell:perm(Admin)' to 'tell:perm(Admin)' 
LockHandler on eldritchadmin: access type 'puppet' changed from 'puppet:false()' to 'puppet:pperm(Developer)'
20-05-06 04:48:04 [-] LockHandler on eldritchadmin: access type 'get' changed from 'get:all()' to 'get:false()' 
LockHandler on eldritchadmin: access type 'call' changed from 'call:true()' to 'call:false()'
20-05-06 04:54:02 [-] LockHandler on chargen: access type 'get' changed from 'get:all()' to 'get:false()' 
LockHandler on chargen: access type 'puppet' changed from 'puppet:pperm(Developer)' to 'puppet:false()'
20-05-06 04:54:02 [-] LockHandler on chargen: access type 'control' changed from 'control:perm(Developer)' to 'control:id(1) or perm(Admin)' 
LockHandler on chargen: access type 'delete' changed from 'delete:perm(Admin)' to ' delete:id(1) or perm(Admin)' 
LockHandler on chargen: access type 'edit' changed from 'edit:perm(Admin)' to ' edit:id(1) or perm(Admin)'
20-05-06 04:54:02 [-] LockHandler on chargen: access type 'puppet' changed from 'puppet:pperm(Developer)' to 'puppet:false()' 
LockHandler on chargen: access type 'get' changed from 'get:all()' to 'get:false()'
20-05-06 04:54:02 [-] LockHandler on chargen: access type 'control' changed from 'control:perm(Developer)' to 'control:id(1) or perm(Admin)' 
LockHandler on chargen: access type 'delete' changed from 'delete:perm(Admin)' to ' delete:id(1) or perm(Admin)' 
LockHandler on chargen: access type 'edit' changed from 'edit:perm(Admin)' to ' edit:id(1) or perm(Admin)'
20-05-06 04:54:02 [-] LockHandler on finish: access type 'puppet' changed from 'puppet:pperm(Developer)' to 'puppet:false()' 
LockHandler on finish: access type 'get' changed from 'get:all()' to 'get:false()'
20-05-06 04:54:02 [-] LockHandler on finish: access type 'control' changed from 'control:perm(Developer)' to 'control:id(1) or perm(Admin)' 
LockHandler on finish: access type 'delete' changed from 'delete:perm(Admin)' to ' delete:id(1) or perm(Admin)' 
LockHandler on finish: access type 'edit' changed from 'edit:perm(Admin)' to ' edit:id(1) or perm(Admin)'
20-05-12 23:08:28 [-] LockHandler on Main Clearing: access type 'get' changed from 'get:all()' to 'get:false()' 
LockHandler on Main Clearing: access type 'puppet' changed from 'puppet:pperm(Developer)' to 'puppet:false()'
20-05-12 23:08:28 [-] LockHandler on Main Clearing: access type 'control' changed from 'control:perm(Developer)' to 'control:id(3) or perm(Admin)' 
LockHandler on Main Clearing: access type 'delete' changed from 'delete:perm(Admin)' to ' delete:id(3) or perm(Admin)' 
LockHandler on Main Clearing: access type 'edit' changed from 'edit:perm(Admin)' to ' edit:id(3) or perm(Admin)'
20-05-12 23:08:28 [-] LockHandler on IC <IC>: access type 'puppet' changed from 'puppet:pperm(Developer)' to 'puppet:false()' 
LockHandler on IC <IC>: access type 'get' changed from 'get:all()' to 'get:false()'
20-05-12 23:08:28 [-] LockHandler on IC <IC>: access type 'control' changed from 'control:perm(Developer)' to 'control:id(3) or perm(Admin)' 
LockHandler on IC <IC>: access type 'delete' changed from 'delete:perm(Admin)' to ' delete:id(3) or perm(Admin)' 
LockHandler on IC <IC>: access type 'edit' changed from 'edit:perm(Admin)' to ' edit:id(3) or perm(Admin)'
20-05-12 23:08:28 [-] LockHandler on Limbo <OOC>: access type 'puppet' changed from 'puppet:pperm(Developer)' to 'puppet:false()' 
LockHandler on Limbo <OOC>: access type 'get' changed from 'get:all()' to 'get:false()'
20-05-12 23:08:28 [-] LockHandler on Limbo <OOC>: access type 'control' changed from 'control:perm(Developer)' to 'control:id(3) or perm(Admin)' 
LockHandler on Limbo <OOC>: access type 'delete' changed from 'delete:perm(Admin)' to ' delete:id(3) or perm(Admin)' 
LockHandler on Limbo <OOC>: access type 'edit' changed from 'edit:perm(Admin)' to ' edit:id(3) or perm(Admin)'
20-05-12 23:42:17 [-] LockHandler on Tavern - Main Room: access type 'get' changed from 'get:all()' to 'get:false()' 
LockHandler on Tavern - Main Room: access type 'puppet' changed from 'puppet:pperm(Developer)' to 'puppet:false()'
20-05-12 23:42:17 [-] LockHandler on Tavern - Main Room: access type 'control' changed from 'control:perm(Developer)' to 'control:id(3) or perm(Admin)' 
LockHandler on Tavern - Main Room: access type 'delete' changed from 'delete:perm(Admin)' to ' delete:id(3) or perm(Admin)' 
LockHandler on Tavern - Main Room: access type 'edit' changed from 'edit:perm(Admin)' to ' edit:id(3) or perm(Admin)'
20-05-12 23:42:17 [-] LockHandler on The Tavern <T>: access type 'puppet' changed from 'puppet:pperm(Developer)' to 'puppet:false()' 
LockHandler on The Tavern <T>: access type 'get' changed from 'get:all()' to 'get:false()'
20-05-12 23:42:17 [-] LockHandler on The Tavern <T>: access type 'control' changed from 'control:perm(Developer)' to 'control:id(3) or perm(Admin)' 
LockHandler on The Tavern <T>: access type 'delete' changed from 'delete:perm(Admin)' to ' delete:id(3) or perm(Admin)' 
LockHandler on The Tavern <T>: access type 'edit' changed from 'edit:perm(Admin)' to ' edit:id(3) or perm(Admin)'
20-05-12 23:42:17 [-] LockHandler on Main Clearing <O>: access type 'puppet' changed from 'puppet:pperm(Developer)' to 'puppet:false()' 
LockHandler on Main Clearing <O>: access type 'get' changed from 'get:all()' to 'get:false()'
20-05-12 23:42:17 [-] LockHandler on Main Clearing <O>: access type 'control' changed from 'control:perm(Developer)' to 'control:id(3) or perm(Admin)' 
LockHandler on Main Clearing <O>: access type 'delete' changed from 'delete:perm(Admin)' to ' delete:id(3) or perm(Admin)' 
LockHandler on Main Clearing <O>: access type 'edit' changed from 'edit:perm(Admin)' to ' edit:id(3) or perm(Admin)'
20-05-13 00:12:00 [-] LockHandler on Tavern - Magister's Retreat: access type 'get' changed from 'get:all()' to 'get:false()' 
LockHandler on Tavern - Magister's Retreat: access type 'puppet' changed from 'puppet:pperm(Developer)' to 'puppet:false()'
20-05-13 00:12:00 [-] LockHandler on Tavern - Magister's Retreat: access type 'control' changed from 'control:perm(Developer)' to 'control:id(3) or perm(Admin)' 
LockHandler on Tavern - Magister's Retreat: access type 'delete' changed from 'delete:perm(Admin)' to ' delete:id(3) or perm(Admin)' 
LockHandler on Tavern - Magister's Retreat: access type 'edit' changed from 'edit:perm(Admin)' to ' edit:id(3) or perm(Admin)'
20-05-13 00:12:00 [-] LockHandler on Back Room <BR>: access type 'puppet' changed from 'puppet:pperm(Developer)' to 'puppet:false()' 
LockHandler on Back Room <BR>: access type 'get' changed from 'get:all()' to 'get:false()'
20-05-13 00:12:00 [-] LockHandler on Back Room <BR>: access type 'control' changed from 'control:perm(Developer)' to 'control:id(3) or perm(Admin)' 
LockHandler on Back Room <BR>: access type 'delete' changed from 'delete:perm(Admin)' to ' delete:id(3) or perm(Admin)' 
LockHandler on Back Room <BR>: access type 'edit' changed from 'edit:perm(Admin)' to ' edit:id(3) or perm(Admin)'
20-05-13 00:12:00 [-] LockHandler on Main Room <O>: access type 'puppet' changed from 'puppet:pperm(Developer)' to 'puppet:false()' 
LockHandler on Main Room <O>: access type 'get' changed from 'get:all()' to 'get:false()'
20-05-13 00:12:00 [-] LockHandler on Main Room <O>: access type 'control' changed from 'control:perm(Developer)' to 'control:id(3) or perm(Admin)' 
LockHandler on Main Room <O>: access type 'delete' changed from 'delete:perm(Admin)' to ' delete:id(3) or perm(Admin)' 
LockHandler on Main Room <O>: access type 'edit' changed from 'edit:perm(Admin)' to ' edit:id(3) or perm(Admin)'
20-05-13 00:47:32 [-] LockHandler on Tavern - Kitchen: access type 'get' changed from 'get:all()' to 'get:false()' 
LockHandler on Tavern - Kitchen: access type 'puppet' changed from 'puppet:pperm(Developer)' to 'puppet:false()'
20-05-13 00:47:32 [-] LockHandler on Tavern - Kitchen: access type 'control' changed from 'control:perm(Developer)' to 'control:id(3) or perm(Admin)' 
LockHandler on Tavern - Kitchen: access type 'delete' changed from 'delete:perm(Admin)' to ' delete:id(3) or perm(Admin)' 
LockHandler on Tavern - Kitchen: access type 'edit' changed from 'edit:perm(Admin)' to ' edit:id(3) or perm(Admin)'
20-05-13 00:47:32 [-] LockHandler on Kitchen <K>: access type 'puppet' changed from 'puppet:pperm(Developer)' to 'puppet:false()' 
LockHandler on Kitchen <K>: access type 'get' changed from 'get:all()' to 'get:false()'
20-05-13 00:47:32 [-] LockHandler on Kitchen <K>: access type 'control' changed from 'control:perm(Developer)' to 'control:id(3) or perm(Admin)' 
LockHandler on Kitchen <K>: access type 'delete' changed from 'delete:perm(Admin)' to ' delete:id(3) or perm(Admin)' 
LockHandler on Kitchen <K>: access type 'edit' changed from 'edit:perm(Admin)' to ' edit:id(3) or perm(Admin)'
20-05-13 00:47:32 [-] LockHandler on Main Room <O>: access type 'puppet' changed from 'puppet:pperm(Developer)' to 'puppet:false()' 
LockHandler on Main Room <O>: access type 'get' changed from 'get:all()' to 'get:false()'
20-05-13 00:47:32 [-] LockHandler on Main Room <O>: access type 'control' changed from 'control:perm(Developer)' to 'control:id(3) or perm(Admin)' 
LockHandler on Main Room <O>: access type 'delete' changed from 'delete:perm(Admin)' to ' delete:id(3) or perm(Admin)' 
LockHandler on Main Room <O>: access type 'edit' changed from 'edit:perm(Admin)' to ' edit:id(3) or perm(Admin)'
20-05-14 03:36:52 [-] LockHandler on Old well: access type 'control' changed from 'control:perm(Developer)' to 'control:id(1) or perm(Admin)' 
LockHandler on Old well: access type 'delete' changed from 'delete:perm(Admin)' to 'delete:id(1) or perm(Admin)'
20-05-14 03:37:38 [-] LockHandler on Old well: access type 'get' changed from 'get:all()' to 'get:false()'
20-05-15 05:46:09 [-] LockHandler on testcharacter: access type 'get' changed from 'get:all()' to 'get:false()' 
LockHandler on testcharacter: access type 'call' changed from 'call:true()' to 'call:false()'
20-05-15 05:46:09 [-] LockHandler on testcharacter: access type 'puppet' changed from 'puppet:pperm(Developer)' to 'puppet:id(20) or pid(4) or perm(Developer) or pperm(Developer)' 
LockHandler on testcharacter: access type 'delete' changed from 'delete:perm(Admin)' to 'delete:id(4) or perm(Admin)'
20-05-15 06:12:40 [-] LockHandler on testcharacter2: access type 'get' changed from 'get:all()' to 'get:false()' 
LockHandler on testcharacter2: access type 'call' changed from 'call:true()' to 'call:false()'
20-05-15 06:12:40 [-] LockHandler on testcharacter2: access type 'puppet' changed from 'puppet:pperm(Developer)' to 'puppet:id(21) or pid(5) or perm(Developer) or pperm(Developer)' 
LockHandler on testcharacter2: access type 'delete' changed from 'delete:perm(Admin)' to 'delete:id(5) or perm(Admin)'
20-05-15 06:14:11 [-] LockHandler on zombie: access type 'get' changed from 'get:all()' to 'get:false()' 
LockHandler on zombie: access type 'call' changed from 'call:true()' to 'call:false()'
20-05-15 06:14:11 [-] LockHandler on zombie: access type 'puppet' changed from 'puppet:pperm(Developer)' to 'puppet:id(22) or pid(6) or perm(Developer) or pperm(Developer)' 
LockHandler on zombie: access type 'delete' changed from 'delete:perm(Admin)' to 'delete:id(6) or perm(Admin)'
20-05-17 01:18:11 [-] LockHandler on Marketplace: access type 'get' changed from 'get:all()' to 'get:false()' 
LockHandler on Marketplace: access type 'puppet' changed from 'puppet:pperm(Developer)' to 'puppet:false()'
20-05-17 01:18:11 [-] LockHandler on Marketplace: access type 'control' changed from 'control:perm(Developer)' to 'control:id(3) or perm(Admin)' 
LockHandler on Marketplace: access type 'delete' changed from 'delete:perm(Admin)' to ' delete:id(3) or perm(Admin)' 
LockHandler on Marketplace: access type 'edit' changed from 'edit:perm(Admin)' to ' edit:id(3) or perm(Admin)'
20-05-17 01:18:11 [-] LockHandler on Market <M>: access type 'puppet' changed from 'puppet:pperm(Developer)' to 'puppet:false()' 
LockHandler on Market <M>: access type 'get' changed from 'get:all()' to 'get:false()'
20-05-17 01:18:11 [-] LockHandler on Market <M>: access type 'control' changed from 'control:perm(Developer)' to 'control:id(3) or perm(Admin)' 
LockHandler on Market <M>: access type 'delete' changed from 'delete:perm(Admin)' to ' delete:id(3) or perm(Admin)' 
LockHandler on Market <M>: access type 'edit' changed from 'edit:perm(Admin)' to ' edit:id(3) or perm(Admin)'
20-05-17 01:18:11 [-] LockHandler on Main Clearing <MC>: access type 'puppet' changed from 'puppet:pperm(Developer)' to 'puppet:false()' 
LockHandler on Main Clearing <MC>: access type 'get' changed from 'get:all()' to 'get:false()'
20-05-17 01:18:11 [-] LockHandler on Main Clearing <MC>: access type 'control' changed from 'control:perm(Developer)' to 'control:id(3) or perm(Admin)' 
LockHandler on Main Clearing <MC>: access type 'delete' changed from 'delete:perm(Admin)' to ' delete:id(3) or perm(Admin)' 
LockHandler on Main Clearing <MC>: access type 'edit' changed from 'edit:perm(Admin)' to ' edit:id(3) or perm(Admin)'
20-05-17 01:22:16 [-] LockHandler on The Old Road: access type 'get' changed from 'get:all()' to 'get:false()' 
LockHandler on The Old Road: access type 'puppet' changed from 'puppet:pperm(Developer)' to 'puppet:false()'
20-05-17 01:22:16 [-] LockHandler on The Old Road: access type 'control' changed from 'control:perm(Developer)' to 'control:id(3) or perm(Admin)' 
LockHandler on The Old Road: access type 'delete' changed from 'delete:perm(Admin)' to ' delete:id(3) or perm(Admin)' 
LockHandler on The Old Road: access type 'edit' changed from 'edit:perm(Admin)' to ' edit:id(3) or perm(Admin)'
20-05-17 01:22:16 [-] LockHandler on The Old Road <OR>: access type 'puppet' changed from 'puppet:pperm(Developer)' to 'puppet:false()' 
LockHandler on The Old Road <OR>: access type 'get' changed from 'get:all()' to 'get:false()'
20-05-17 01:22:16 [-] LockHandler on The Old Road <OR>: access type 'control' changed from 'control:perm(Developer)' to 'control:id(3) or perm(Admin)' 
LockHandler on The Old Road <OR>: access type 'delete' changed from 'delete:perm(Admin)' to ' delete:id(3) or perm(Admin)' 
LockHandler on The Old Road <OR>: access type 'edit' changed from 'edit:perm(Admin)' to ' edit:id(3) or perm(Admin)'
20-05-17 01:22:16 [-] LockHandler on Main Clearing <MC>: access type 'puppet' changed from 'puppet:pperm(Developer)' to 'puppet:false()' 
LockHandler on Main Clearing <MC>: access type 'get' changed from 'get:all()' to 'get:false()'
20-05-17 01:22:16 [-] LockHandler on Main Clearing <MC>: access type 'control' changed from 'control:perm(Developer)' to 'control:id(3) or perm(Admin)' 
LockHandler on Main Clearing <MC>: access type 'delete' changed from 'delete:perm(Admin)' to ' delete:id(3) or perm(Admin)' 
LockHandler on Main Clearing <MC>: access type 'edit' changed from 'edit:perm(Admin)' to ' edit:id(3) or perm(Admin)'
20-05-17 01:23:23 [-] LockHandler on The Standing Stones: access type 'get' changed from 'get:all()' to 'get:false()' 
LockHandler on The Standing Stones: access type 'puppet' changed from 'puppet:pperm(Developer)' to 'puppet:false()'
20-05-17 01:23:23 [-] LockHandler on The Standing Stones: access type 'control' changed from 'control:perm(Developer)' to 'control:id(3) or perm(Admin)' 
LockHandler on The Standing Stones: access type 'delete' changed from 'delete:perm(Admin)' to ' delete:id(3) or perm(Admin)' 
LockHandler on The Standing Stones: access type 'edit' changed from 'edit:perm(Admin)' to ' edit:id(3) or perm(Admin)'
20-05-17 01:23:23 [-] LockHandler on Standing Stones <SS>: access type 'puppet' changed from 'puppet:pperm(Developer)' to 'puppet:false()' 
LockHandler on Standing Stones <SS>: access type 'get' changed from 'get:all()' to 'get:false()'
20-05-17 01:23:23 [-] LockHandler on Standing Stones <SS>: access type 'control' changed from 'control:perm(Developer)' to 'control:id(3) or perm(Admin)' 
LockHandler on Standing Stones <SS>: access type 'delete' changed from 'delete:perm(Admin)' to ' delete:id(3) or perm(Admin)' 
LockHandler on Standing Stones <SS>: access type 'edit' changed from 'edit:perm(Admin)' to ' edit:id(3) or perm(Admin)'
20-05-17 01:23:23 [-] LockHandler on Main Clearing <MC>: access type 'puppet' changed from 'puppet:pperm(Developer)' to 'puppet:false()' 
LockHandler on Main Clearing <MC>: access type 'get' changed from 'get:all()' to 'get:false()'
20-05-17 01:23:23 [-] LockHandler on Main Clearing <MC>: access type 'control' changed from 'control:perm(Developer)' to 'control:id(3) or perm(Admin)' 
LockHandler on Main Clearing <MC>: access type 'delete' changed from 'delete:perm(Admin)' to ' delete:id(3) or perm(Admin)' 
LockHandler on Main Clearing <MC>: access type 'edit' changed from 'edit:perm(Admin)' to ' edit:id(3) or perm(Admin)'
20-05-17 01:26:37 [-] LockHandler on Standing Stones <SS>: access type 'puppet' changed from 'puppet:pperm(Developer)' to 'puppet:false()' 
LockHandler on Standing Stones <SS>: access type 'get' changed from 'get:all()' to 'get:false()'
20-05-17 01:28:06 [-] LockHandler on Old Road <OR>: access type 'puppet' changed from 'puppet:pperm(Developer)' to 'puppet:false()' 
LockHandler on Old Road <OR>: access type 'get' changed from 'get:all()' to 'get:false()'
20-05-17 01:52:34 [-] LockHandler on Limbo <OOC>: access type 'call' changed from 'call:true()' to 'call:true()' 
LockHandler on Limbo <OOC>: access type 'control' changed from 'control:id(3) or perm(Admin)' to ' control:id(3) or perm(Admin)' 
LockHandler on Limbo <OOC>: access type 'delete' changed from ' delete:id(3) or perm(Admin)' to ' delete:id(3) or perm(Admin)' 
LockHandler on Limbo <OOC>: access type 'drop' changed from 'drop:holds()' to ' drop:holds()' 
LockHandler on Limbo <OOC>: access type 'edit' changed from ' edit:id(3) or perm(Admin)' to ' edit:id(3) or perm(Admin)' 
LockHandler on Limbo <OOC>: access type 'examine' changed from 'examine:perm(Builder)' to ' examine:perm(Builder)' 
LockHandler on Limbo <OOC>: access type 'get' changed from 'get:false()' to ' get:false()' 
LockHandler on Limbo <OOC>: access type 'puppet' changed from 'puppet:false()' to ' puppet:false()' 
LockHandler on Limbo <OOC>: access type 'tell' changed from 'tell:perm(Admin)' to ' tell:perm(Admin)' 
LockHandler on Limbo <OOC>: access type 'traverse' changed from 'traverse:all()' to ' traverse:all()' 
LockHandler on Limbo <OOC>: access type 'view' changed from 'view:all()' to ' view:all()'
20-05-17 01:53:09 [-] LockHandler on Limbo <OOC>: access type 'call' changed from 'call:true()' to 'call:true()' 
LockHandler on Limbo <OOC>: access type 'control' changed from ' control:id(3) or perm(Admin)' to ' control:id(3) or perm(Admin)' 
LockHandler on Limbo <OOC>: access type 'delete' changed from ' delete:id(3) or perm(Admin)' to ' delete:id(3) or perm(Admin)' 
LockHandler on Limbo <OOC>: access type 'drop' changed from ' drop:holds()' to ' drop:holds()' 
LockHandler on Limbo <OOC>: access type 'edit' changed from ' edit:id(3) or perm(Admin)' to ' edit:id(3) or perm(Admin)' 
LockHandler on Limbo <OOC>: access type 'examine' changed from ' examine:perm(Builder)' to ' examine:perm(Builder)' 
LockHandler on Limbo <OOC>: access type 'get' changed from ' get:false()' to ' get:false()' 
LockHandler on Limbo <OOC>: access type 'puppet' changed from ' puppet:false()' to ' puppet:false()' 
LockHandler on Limbo <OOC>: access type 'tell' changed from ' tell:perm(Admin)' to ' tell:perm(Admin)' 
LockHandler on Limbo <OOC>: access type 'traverse' changed from ' traverse:all()' to ' traverse:all()' 
LockHandler on Limbo <OOC>: access type 'view' changed from ' view:all()' to ' view:perm(Admin)'
20-05-17 01:55:07 [-] LockHandler on Johndoe: access type 'get' changed from 'get:all()' to 'get:false()' 
LockHandler on Johndoe: access type 'call' changed from 'call:true()' to 'call:false()'
20-05-17 01:55:07 [-] LockHandler on Johndoe: access type 'puppet' changed from 'puppet:pperm(Developer)' to 'puppet:id(34) or pid(7) or perm(Developer) or pperm(Developer)' 
LockHandler on Johndoe: access type 'delete' changed from 'delete:perm(Admin)' to 'delete:id(7) or perm(Admin)'
20-05-18 17:40:53 [-] LockHandler on Limbo <OOC>: access type 'call' changed from 'call:true()' to 'call:true()' 
LockHandler on Limbo <OOC>: access type 'control' changed from ' control:id(3) or perm(Admin)' to ' control:id(3) or perm(Admin)' 
LockHandler on Limbo <OOC>: access type 'delete' changed from ' delete:id(3) or perm(Admin)' to ' delete:id(3) or perm(Admin)' 
LockHandler on Limbo <OOC>: access type 'drop' changed from ' drop:holds()' to '  drop:holds()' 
LockHandler on Limbo <OOC>: access type 'edit' changed from ' edit:id(3) or perm(Admin)' to '  edit:id(3) or perm(Admin)' 
LockHandler on Limbo <OOC>: access type 'examine' changed from ' examine:perm(Builder)' to ' examine:perm(Builder)' 
LockHandler on Limbo <OOC>: access type 'get' changed from ' get:false()' to '  get:false()' 
LockHandler on Limbo <OOC>: access type 'puppet' changed from ' puppet:false()' to '  puppet:false()' 
LockHandler on Limbo <OOC>: access type 'tell' changed from ' tell:perm(Admin)' to '  tell:perm(Admin)' 
LockHandler on Limbo <OOC>: access type 'traverse' changed from ' traverse:all()' to ' traverse:all()' 
LockHandler on Limbo <OOC>: access type 'view' changed from ' view:perm(Admin)' to '  view:perm()'
20-05-18 17:41:00 [-] LockHandler on Limbo <OOC>: access type 'call' changed from 'call:true()' to 'call:true()' 
LockHandler on Limbo <OOC>: access type 'control' changed from ' control:id(3) or perm(Admin)' to ' control:id(3) or perm(Admin)' 
LockHandler on Limbo <OOC>: access type 'delete' changed from ' delete:id(3) or perm(Admin)' to ' delete:id(3) or perm(Admin)' 
LockHandler on Limbo <OOC>: access type 'drop' changed from '  drop:holds()' to '  drop:holds()' 
LockHandler on Limbo <OOC>: access type 'edit' changed from '  edit:id(3) or perm(Admin)' to '  edit:id(3) or perm(Admin)' 
LockHandler on Limbo <OOC>: access type 'examine' changed from ' examine:perm(Builder)' to ' examine:perm(Builder)' 
LockHandler on Limbo <OOC>: access type 'get' changed from '  get:false()' to '  get:false()' 
LockHandler on Limbo <OOC>: access type 'puppet' changed from '  puppet:false()' to '  puppet:false()' 
LockHandler on Limbo <OOC>: access type 'tell' changed from '  tell:perm(Admin)' to '  tell:perm(Admin)' 
LockHandler on Limbo <OOC>: access type 'traverse' changed from ' traverse:all()' to ' traverse:all()' 
LockHandler on Limbo <OOC>: access type 'view' changed from '  view:perm()' to '  view:perm(None)'
20-05-18 17:41:10 [-] LockHandler on Limbo <OOC>: access type 'call' changed from 'call:true()' to 'call:true()' 
LockHandler on Limbo <OOC>: access type 'control' changed from ' control:id(3) or perm(Admin)' to ' control:id(3) or perm(Admin)' 
LockHandler on Limbo <OOC>: access type 'delete' changed from ' delete:id(3) or perm(Admin)' to ' delete:id(3) or perm(Admin)' 
LockHandler on Limbo <OOC>: access type 'drop' changed from '  drop:holds()' to '  drop:holds()' 
LockHandler on Limbo <OOC>: access type 'edit' changed from '  edit:id(3) or perm(Admin)' to '  edit:id(3) or perm(Admin)' 
LockHandler on Limbo <OOC>: access type 'examine' changed from ' examine:perm(Builder)' to ' examine:perm(Builder)' 
LockHandler on Limbo <OOC>: access type 'get' changed from '  get:false()' to '  get:false()' 
LockHandler on Limbo <OOC>: access type 'puppet' changed from '  puppet:false()' to '  puppet:false()' 
LockHandler on Limbo <OOC>: access type 'tell' changed from '  tell:perm(Admin)' to '  tell:perm(Admin)' 
LockHandler on Limbo <OOC>: access type 'traverse' changed from ' traverse:all()' to ' traverse:all()' 
LockHandler on Limbo <OOC>: access type 'view' changed from '  view:perm(None)' to '  view:perm(null)'
20-05-18 17:41:16 [-] LockHandler on Limbo <OOC>: access type 'call' changed from 'call:true()' to 'call:true()' 
LockHandler on Limbo <OOC>: access type 'control' changed from ' control:id(3) or perm(Admin)' to ' control:id(3) or perm(Admin)' 
LockHandler on Limbo <OOC>: access type 'delete' changed from ' delete:id(3) or perm(Admin)' to ' delete:id(3) or perm(Admin)' 
LockHandler on Limbo <OOC>: access type 'drop' changed from '  drop:holds()' to '  drop:holds()' 
LockHandler on Limbo <OOC>: access type 'edit' changed from '  edit:id(3) or perm(Admin)' to '  edit:id(3) or perm(Admin)' 
LockHandler on Limbo <OOC>: access type 'examine' changed from ' examine:perm(Builder)' to ' examine:perm(Builder)' 
LockHandler on Limbo <OOC>: access type 'get' changed from '  get:false()' to '  get:false()' 
LockHandler on Limbo <OOC>: access type 'puppet' changed from '  puppet:false()' to '  puppet:false()' 
LockHandler on Limbo <OOC>: access type 'tell' changed from '  tell:perm(Admin)' to '  tell:perm(Admin)' 
LockHandler on Limbo <OOC>: access type 'traverse' changed from ' traverse:all()' to ' traverse:all()' 
LockHandler on Limbo <OOC>: access type 'view' changed from '  view:perm(null)' to '  view:perm(Admin)'
20-05-18 17:43:35 [-] LockHandler on Limbo <OOC>: access type 'call' changed from 'call:true()' to 'call:true()' 
LockHandler on Limbo <OOC>: access type 'control' changed from ' control:id(3) or perm(Admin)' to ' control:id(3) or perm(Admin)' 
LockHandler on Limbo <OOC>: access type 'delete' changed from ' delete:id(3) or perm(Admin)' to ' delete:id(3) or perm(Admin)' 
LockHandler on Limbo <OOC>: access type 'drop' changed from '  drop:holds()' to '  drop:holds()' 
LockHandler on Limbo <OOC>: access type 'edit' changed from '  edit:id(3) or perm(Admin)' to '  edit:id(3) or perm(Admin)' 
LockHandler on Limbo <OOC>: access type 'examine' changed from ' examine:perm(Builder)' to ' examine:perm(Builder)' 
LockHandler on Limbo <OOC>: access type 'get' changed from '  get:false()' to '  get:false()' 
LockHandler on Limbo <OOC>: access type 'puppet' changed from '  puppet:false()' to '  puppet:false()' 
LockHandler on Limbo <OOC>: access type 'tell' changed from '  tell:perm(Admin)' to '  tell:perm(Admin)' 
LockHandler on Limbo <OOC>: access type 'traverse' changed from ' traverse:all()' to ' traverse:all()' 
LockHandler on Limbo <OOC>: access type 'view' changed from '  view:perm(Admin)' to '  view:perm(3)'
20-05-18 17:43:48 [-] LockHandler on Limbo <OOC>: access type 'call' changed from 'call:true()' to 'call:true()' 
LockHandler on Limbo <OOC>: access type 'control' changed from ' control:id(3) or perm(Admin)' to ' control:id(3) or perm(Admin)' 
LockHandler on Limbo <OOC>: access type 'delete' changed from ' delete:id(3) or perm(Admin)' to ' delete:id(3) or perm(Admin)' 
LockHandler on Limbo <OOC>: access type 'drop' changed from '  drop:holds()' to '  drop:holds()' 
LockHandler on Limbo <OOC>: access type 'edit' changed from '  edit:id(3) or perm(Admin)' to '  edit:id(3) or perm(Admin)' 
LockHandler on Limbo <OOC>: access type 'examine' changed from ' examine:perm(Builder)' to ' examine:perm(Builder)' 
LockHandler on Limbo <OOC>: access type 'get' changed from '  get:false()' to '  get:false()' 
LockHandler on Limbo <OOC>: access type 'puppet' changed from '  puppet:false()' to '  puppet:false()' 
LockHandler on Limbo <OOC>: access type 'tell' changed from '  tell:perm(Admin)' to '  tell:perm(Admin)' 
LockHandler on Limbo <OOC>: access type 'traverse' changed from ' traverse:all()' to ' traverse:all()' 
LockHandler on Limbo <OOC>: access type 'view' changed from '  view:perm(3)' to '  view:id(3)'
20-05-18 17:44:07 [-] LockHandler on Limbo <OOC>: access type 'call' changed from 'call:true()' to 'call:true()' 
LockHandler on Limbo <OOC>: access type 'control' changed from ' control:id(3) or perm(Admin)' to ' control:id(3) or perm(Admin)' 
LockHandler on Limbo <OOC>: access type 'delete' changed from ' delete:id(3) or perm(Admin)' to ' delete:id(3) or perm(Admin)' 
LockHandler on Limbo <OOC>: access type 'drop' changed from '  drop:holds()' to '  drop:holds()' 
LockHandler on Limbo <OOC>: access type 'edit' changed from '  edit:id(3) or perm(Admin)' to '  edit:id(3) or perm(Admin)' 
LockHandler on Limbo <OOC>: access type 'examine' changed from ' examine:perm(Builder)' to ' examine:perm(Builder)' 
LockHandler on Limbo <OOC>: access type 'get' changed from '  get:false()' to '  get:false()' 
LockHandler on Limbo <OOC>: access type 'puppet' changed from '  puppet:false()' to '  puppet:false()' 
LockHandler on Limbo <OOC>: access type 'tell' changed from '  tell:perm(Admin)' to '  tell:perm(Admin)' 
LockHandler on Limbo <OOC>: access type 'traverse' changed from ' traverse:all()' to ' traverse:all()' 
LockHandler on Limbo <OOC>: access type 'view' changed from '  view:id(3)' to '  view:id(2)'
20-05-18 17:44:28 [-] LockHandler on Limbo <OOC>: access type 'call' changed from 'call:true()' to 'call:true()' 
LockHandler on Limbo <OOC>: access type 'control' changed from ' control:id(3) or perm(Admin)' to ' control:id(3) or perm(Admin)' 
LockHandler on Limbo <OOC>: access type 'delete' changed from ' delete:id(3) or perm(Admin)' to ' delete:id(3) or perm(Admin)' 
LockHandler on Limbo <OOC>: access type 'drop' changed from '  drop:holds()' to '  drop:holds()' 
LockHandler on Limbo <OOC>: access type 'edit' changed from '  edit:id(3) or perm(Admin)' to '  edit:id(3) or perm(Admin)' 
LockHandler on Limbo <OOC>: access type 'examine' changed from ' examine:perm(Builder)' to ' examine:perm(Builder)' 
LockHandler on Limbo <OOC>: access type 'get' changed from '  get:false()' to '  get:false()' 
LockHandler on Limbo <OOC>: access type 'puppet' changed from '  puppet:false()' to '  puppet:false()' 
LockHandler on Limbo <OOC>: access type 'tell' changed from '  tell:perm(Admin)' to '  tell:perm(Admin)' 
LockHandler on Limbo <OOC>: access type 'traverse' changed from ' traverse:all()' to ' traverse:all()' 
LockHandler on Limbo <OOC>: access type 'view' changed from '  view:id(2)' to '  view:id(5)'
20-05-18 17:45:14 [-] LockHandler on Limbo <OOC>: access type 'call' changed from 'call:true()' to 'call:true()' 
LockHandler on Limbo <OOC>: access type 'control' changed from ' control:id(3) or perm(Admin)' to ' control:id(3) or perm(Admin)' 
LockHandler on Limbo <OOC>: access type 'delete' changed from ' delete:id(3) or perm(Admin)' to ' delete:id(3) or perm(Admin)' 
LockHandler on Limbo <OOC>: access type 'drop' changed from '  drop:holds()' to '  drop:holds()' 
LockHandler on Limbo <OOC>: access type 'edit' changed from '  edit:id(3) or perm(Admin)' to '  edit:id(3) or perm(Admin)' 
LockHandler on Limbo <OOC>: access type 'examine' changed from ' examine:perm(Builder)' to ' examine:perm(Builder)' 
LockHandler on Limbo <OOC>: access type 'get' changed from '  get:false()' to '  get:false()' 
LockHandler on Limbo <OOC>: access type 'puppet' changed from '  puppet:false()' to '  puppet:false()' 
LockHandler on Limbo <OOC>: access type 'tell' changed from '  tell:perm(Admin)' to '  tell:perm(Admin)' 
LockHandler on Limbo <OOC>: access type 'traverse' changed from ' traverse:all()' to ' traverse:all()' 
LockHandler on Limbo <OOC>: access type 'view' changed from '  view:id(5)' to '  view:false()'
20-05-18 17:45:53 [-] LockHandler on Limbo <OOC>: access type 'call' changed from 'call:true()' to 'call:true()' 
LockHandler on Limbo <OOC>: access type 'control' changed from ' control:id(3) or perm(Admin)' to ' control:id(3) or perm(Admin)' 
LockHandler on Limbo <OOC>: access type 'delete' changed from ' delete:id(3) or perm(Admin)' to ' delete:id(3) or perm(Admin)' 
LockHandler on Limbo <OOC>: access type 'drop' changed from '  drop:holds()' to '  drop:holds()' 
LockHandler on Limbo <OOC>: access type 'edit' changed from '  edit:id(3) or perm(Admin)' to '  edit:id(3) or perm(Admin)' 
LockHandler on Limbo <OOC>: access type 'examine' changed from ' examine:perm(Builder)' to ' examine:perm(Builder)' 
LockHandler on Limbo <OOC>: access type 'get' changed from '  get:false()' to '  get:false()' 
LockHandler on Limbo <OOC>: access type 'puppet' changed from '  puppet:false()' to '  puppet:false()' 
LockHandler on Limbo <OOC>: access type 'tell' changed from '  tell:perm(Admin)' to '  tell:perm(Admin)' 
LockHandler on Limbo <OOC>: access type 'traverse' changed from ' traverse:all()' to ' traverse:all()' 
LockHandler on Limbo <OOC>: access type 'view' changed from '  view:false()' to '  view:false()'
20-05-18 18:12:41 [-] LockHandler on Flyer #1: access type 'control' changed from 'control:perm(Developer)' to 'control:id(3) or perm(Admin)' 
LockHandler on Flyer #1: access type 'delete' changed from 'delete:perm(Admin)' to 'delete:id(3) or perm(Admin)'
20-05-18 18:13:59 [-] LockHandler on Announcement #2: access type 'control' changed from 'control:perm(Developer)' to 'control:id(3) or perm(Admin)' 
LockHandler on Announcement #2: access type 'delete' changed from 'delete:perm(Admin)' to 'delete:id(3) or perm(Admin)'
20-05-18 18:37:50 [-] LockHandler on |r Announcement #1|n: access type 'control' changed from 'control:perm(Developer)' to 'control:id(3) or perm(Admin)' 
LockHandler on |r Announcement #1|n: access type 'delete' changed from 'delete:perm(Admin)' to 'delete:id(3) or perm(Admin)'
20-05-18 18:41:10 [-] LockHandler on |r test: access type 'control' changed from 'control:perm(Developer)' to 'control:id(3) or perm(Admin)' 
LockHandler on |r test: access type 'delete' changed from 'delete:perm(Admin)' to 'delete:id(3) or perm(Admin)'
20-05-18 18:47:40 [-] LockHandler on |r button: access type 'control' changed from 'control:perm(Developer)' to 'control:id(3) or perm(Admin)' 
LockHandler on |r button: access type 'delete' changed from 'delete:perm(Admin)' to 'delete:id(3) or perm(Admin)'
20-05-18 18:50:09 [-] LockHandler on |500 button: access type 'control' changed from 'control:perm(Developer)' to 'control:id(3) or perm(Admin)' 
LockHandler on |500 button: access type 'delete' changed from 'delete:perm(Admin)' to 'delete:id(3) or perm(Admin)'
20-05-18 20:09:00 [-] LockHandler on Western Cabins: access type 'get' changed from 'get:all()' to 'get:false()' 
LockHandler on Western Cabins: access type 'puppet' changed from 'puppet:pperm(Developer)' to 'puppet:false()'
20-05-18 20:09:00 [-] LockHandler on Western Cabins: access type 'control' changed from 'control:perm(Developer)' to 'control:id(3) or perm(Admin)' 
LockHandler on Western Cabins: access type 'delete' changed from 'delete:perm(Admin)' to ' delete:id(3) or perm(Admin)' 
LockHandler on Western Cabins: access type 'edit' changed from 'edit:perm(Admin)' to ' edit:id(3) or perm(Admin)'
20-05-18 20:09:00 [-] LockHandler on Western Cabins <W>: access type 'puppet' changed from 'puppet:pperm(Developer)' to 'puppet:false()' 
LockHandler on Western Cabins <W>: access type 'get' changed from 'get:all()' to 'get:false()'
20-05-18 20:09:00 [-] LockHandler on Western Cabins <W>: access type 'control' changed from 'control:perm(Developer)' to 'control:id(3) or perm(Admin)' 
LockHandler on Western Cabins <W>: access type 'delete' changed from 'delete:perm(Admin)' to ' delete:id(3) or perm(Admin)' 
LockHandler on Western Cabins <W>: access type 'edit' changed from 'edit:perm(Admin)' to ' edit:id(3) or perm(Admin)'
20-05-18 20:09:00 [-] LockHandler on Old Road <O>: access type 'puppet' changed from 'puppet:pperm(Developer)' to 'puppet:false()' 
LockHandler on Old Road <O>: access type 'get' changed from 'get:all()' to 'get:false()'
20-05-18 20:09:00 [-] LockHandler on Old Road <O>: access type 'control' changed from 'control:perm(Developer)' to 'control:id(3) or perm(Admin)' 
LockHandler on Old Road <O>: access type 'delete' changed from 'delete:perm(Admin)' to ' delete:id(3) or perm(Admin)' 
LockHandler on Old Road <O>: access type 'edit' changed from 'edit:perm(Admin)' to ' edit:id(3) or perm(Admin)'